[1030/075023.367:ERROR:directory_reader_win.cc(43)] FindFirstFile: The system cannot find the path specified. (0x3)
[1031/073431.978:ERROR:directory_reader_win.cc(43)] FindFirstFile: The system cannot find the path specified. (0x3)
[1031/183956.735:ERROR:process_memory_win.cc(73)] ReadMemory at 0x7ff67c6b0000 of 64 bytes failed: Only part of a ReadProcessMemory or WriteProcessMemory request was completed. (0x12B)
[1031/183957.075:WARNING:pe_image_reader.cc(340)] could not read dos header from C:\Program Files (x86)\Google\Chrome\Application\chrome.exe
[1031/183957.075:ERROR:process_memory_win.cc(73)] ReadMemory at 0x7ff98f1e0000 of 64 bytes failed: Only part of a ReadProcessMemory or WriteProcessMemory request was completed. (0x12B)
[1031/183957.258:WARNING:pe_image_reader.cc(340)] could not read dos header from C:\WINDOWS\SYSTEM32\ntdll.dll
[1031/183957.258:ERROR:process_memory_win.cc(73)] ReadMemory at 0x7ff98eac0000 of 64 bytes failed: Only part of a ReadProcessMemory or WriteProcessMemory request was completed. (0x12B)
[1031/183957.258:WARNING:pe_image_reader.cc(340)] could not read dos header from C:\WINDOWS\System32\KERNEL32.DLL
[1031/183957.258:ERROR:process_memory_win.cc(73)] ReadMemory at 0x7ff98c950000 of 64 bytes failed: Only part of a ReadProcessMemory or WriteProcessMemory request was completed. (0x12B)
[1031/183957.258:WARNING:pe_image_reader.cc(340)] could not read dos header from C:\WINDOWS\System32\KERNELBASE.dll
[1031/183957.258:ERROR:process_memory_win.cc(73)] ReadMemory at 0x7ff972e70000 of 64 bytes failed: Only part of a ReadProcessMemory or WriteProcessMemory request was completed. (0x12B)
[1031/183957.258:WARNING:pe_image_reader.cc(340)] could not read dos header from C:\Program Files (x86)\Google\Chrome\Application\86.0.4240.111\chrome_elf.dll
[1031/183957.259:ERROR:process_memory_win.cc(73)] ReadMemory at 0x7ff981190000 of 64 bytes failed: Only part of a ReadProcessMemory or WriteProcessMemory request was completed. (0x12B)
[1031/183957.259:WARNING:pe_image_reader.cc(340)] could not read dos header from C:\WINDOWS\SYSTEM32\VERSION.dll
[1031/183957.259:ERROR:process_memory_win.cc(73)] ReadMemory at 0x7ff98e530000 of 64 bytes failed: Only part of a ReadProcessMemory or WriteProcessMemory request was completed. (0x12B)
[1031/183957.259:WARNING:pe_image_reader.cc(340)] could not read dos header from C:\WINDOWS\System32\msvcrt.dll
[1031/183957.259:ERROR:process_memory_win.cc(73)] ReadMemory at 0x7ff98d0c0000 of 64 bytes failed: Only part of a ReadProcessMemory or WriteProcessMemory request was completed. (0x12B)
[1031/183957.259:WARNING:pe_image_reader.cc(340)] could not read dos header from C:\WINDOWS\System32\bcryptPrimitives.dll
[1031/183957.259:ERROR:process_memory_win.cc(73)] ReadMemory at 0x7ff98e480000 of 64 bytes failed: Only part of a ReadProcessMemory or WriteProcessMemory request was completed. (0x12B)
[1031/183957.259:WARNING:pe_image_reader.cc(340)] could not read dos header from C:\WINDOWS\System32\ADVAPI32.dll
[1031/183957.259:ERROR:process_memory_win.cc(73)] ReadMemory at 0x7ff98ea20000 of 64 bytes failed: Only part of a ReadProcessMemory or WriteProcessMemory request was completed. (0x12B)
[1031/183957.260:WARNING:pe_image_reader.cc(340)] could not read dos header from C:\WINDOWS\System32\sechost.dll
[1031/183957.261:ERROR:process_memory_win.cc(73)] ReadMemory at 0x7ff98e1a0000 of 64 bytes failed: Only part of a ReadProcessMemory or WriteProcessMemory request was completed. (0x12B)
[1031/183957.261:WARNING:pe_image_reader.cc(340)] could not read dos header from C:\WINDOWS\System32\RPCRT4.dll
[1031/183957.261:ERROR:process_memory_win.cc(73)] ReadMemory at 0x7ff953310000 of 64 bytes failed: Only part of a ReadProcessMemory or WriteProcessMemory request was completed. (0x12B)
[1031/183957.261:WARNING:pe_image_reader.cc(340)] could not read dos header from C:\Program Files (x86)\Google\Chrome\Application\86.0.4240.111\chrome.dll
[1031/183957.261:ERROR:process_memory_win.cc(73)] ReadMemory at 0x7ff98e5f0000 of 64 bytes failed: Only part of a ReadProcessMemory or WriteProcessMemory request was completed. (0x12B)
[1031/183957.261:WARNING:pe_image_reader.cc(340)] could not read dos header from C:\WINDOWS\System32\WS2_32.dll
[1031/183957.262:ERROR:process_memory_win.cc(73)] ReadMemory at 0x7ff98f0d0000 of 64 bytes failed: Only part of a ReadProcessMemory or WriteProcessMemory request was completed. (0x12B)
[1031/183957.262:WARNING:pe_image_reader.cc(340)] could not read dos header from C:\WINDOWS\System32\OLEAUT32.dll
[1031/183957.262:ERROR:process_memory_win.cc(73)] ReadMemory at 0x7ff98cf20000 of 64 bytes failed: Only part of a ReadProcessMemory or WriteProcessMemory request was completed. (0x12B)
[1031/183957.262:WARNING:pe_image_reader.cc(340)] could not read dos header from C:\WINDOWS\System32\msvcp_win.dll
[1031/183957.262:ERROR:process_memory_win.cc(73)] ReadMemory at 0x7ff98cfc0000 of 64 bytes failed: Only part of a ReadProcessMemory or WriteProcessMemory request was completed. (0x12B)
[1031/183957.262:WARNING:pe_image_reader.cc(340)] could not read dos header from C:\WINDOWS\System32\ucrtbase.dll
[1031/183957.263:ERROR:process_memory_win.cc(73)] ReadMemory at 0x7ff98d550000 of 64 bytes failed: Only part of a ReadProcessMemory or WriteProcessMemory request was completed. (0x12B)
[1031/183957.263:WARNING:pe_image_reader.cc(340)] could not read dos header from C:\WINDOWS\System32\combase.dll
[1031/183957.263:ERROR:process_memory_win.cc(73)] ReadMemory at 0x7ff98cd00000 of 64 bytes failed: Only part of a ReadProcessMemory or WriteProcessMemory request was completed. (0x12B)
[1031/183957.263:WARNING:pe_image_reader.cc(340)] could not read dos header from C:\WINDOWS\System32\WINTRUST.dll
[1031/183957.263:ERROR:process_memory_win.cc(73)] ReadMemory at 0x7ff98c0c0000 of 64 bytes failed: Only part of a ReadProcessMemory or WriteProcessMemory request was completed. (0x12B)
[1031/183957.263:WARNING:pe_image_reader.cc(340)] could not read dos header from C:\WINDOWS\System32\MSASN1.dll
[1031/183957.263:ERROR:process_memory_win.cc(73)] ReadMemory at 0x7ff98d140000 of 64 bytes failed: Only part of a ReadProcessMemory or WriteProcessMemory request was completed. (0x12B)
[1031/183957.263:WARNING:pe_image_reader.cc(340)] could not read dos header from C:\WINDOWS\System32\CRYPT32.dll
[1031/183957.263:ERROR:process_memory_win.cc(73)] ReadMemory at 0x7ff97a620000 of 64 bytes failed: Only part of a ReadProcessMemory or WriteProcessMemory request was completed. (0x12B)
[1031/183957.263:WARNING:pe_image_reader.cc(340)] could not read dos header from C:\WINDOWS\SYSTEM32\dbghelp.dll
[1031/183957.263:ERROR:process_memory_win.cc(73)] ReadMemory at 0x7ff98b600000 of 64 bytes failed: Only part of a ReadProcessMemory or WriteProcessMemory request was completed. (0x12B)
[1031/183957.263:WARNING:pe_image_reader.cc(340)] could not read dos header from C:\WINDOWS\SYSTEM32\IPHLPAPI.DLL
[1031/183957.263:ERROR:process_memory_win.cc(73)] ReadMemory at 0x7ff989ae0000 of 64 bytes failed: Only part of a ReadProcessMemory or WriteProcessMemory request was completed. (0x12B)
[1031/183957.263:WARNING:pe_image_reader.cc(340)] could not read dos header from C:\WINDOWS\SYSTEM32\WINMM.dll
[1031/183957.264:ERROR:process_memory_win.cc(73)] ReadMemory at 0x7ff96aee0000 of 64 bytes failed: Only part of a ReadProcessMemory or WriteProcessMemory request was completed. (0x12B)
[1031/183957.264:WARNING:pe_image_reader.cc(340)] could not read dos header from C:\WINDOWS\SYSTEM32\UIAutomationCore.DLL
[1031/183957.264:ERROR:process_memory_win.cc(73)] ReadMemory at 0x7ff977270000 of 64 bytes failed: Only part of a ReadProcessMemory or WriteProcessMemory request was completed. (0x12B)
[1031/183957.264:WARNING:pe_image_reader.cc(340)] could not read dos header from C:\WINDOWS\SYSTEM32\Secur32.dll
[1031/183957.264:ERROR:process_memory_win.cc(73)] ReadMemory at 0x7ff98bf80000 of 64 bytes failed: Only part of a ReadProcessMemory or WriteProcessMemory request was completed. (0x12B)
[1031/183957.264:WARNING:pe_image_reader.cc(340)] could not read dos header from C:\WINDOWS\SYSTEM32\USERENV.dll
[1031/183957.264:ERROR:process_memory_win.cc(73)] ReadMemory at 0x7ff98c0e0000 of 64 bytes failed: Only part of a ReadProcessMemory or WriteProcessMemory request was completed. (0x12B)
[1031/183957.264:WARNING:pe_image_reader.cc(340)] could not read dos header from C:\WINDOWS\System32\profapi.dll
[1031/183957.264:ERROR:process_memory_win.cc(73)] ReadMemory at 0x7ff97c7a0000 of 64 bytes failed: Only part of a ReadProcessMemory or WriteProcessMemory request was completed. (0x12B)
[1031/183957.264:WARNING:pe_image_reader.cc(340)] could not read dos header from C:\WINDOWS\SYSTEM32\DWrite.dll
[1031/183957.264:ERROR:process_memory_win.cc(73)] ReadMemory at 0x7ff975e90000 of 64 bytes failed: Only part of a ReadProcessMemory or WriteProcessMemory request was completed. (0x12B)
[1031/183957.264:WARNING:pe_image_reader.cc(340)] could not read dos header from C:\WINDOWS\SYSTEM32\WINSPOOL.DRV
[1031/183957.264:ERROR:process_memory_win.cc(73)] ReadMemory at 0x7ff98c0a0000 of 64 bytes failed: Only part of a ReadProcessMemory or WriteProcessMemory request was completed. (0x12B)
[1031/183957.265:WARNING:pe_image_reader.cc(340)] could not read dos header from C:\WINDOWS\System32\kernel.appcore.dll
[1031/183957.265:ERROR:process_memory_win.cc(73)] ReadMemory at 0x7ff98c920000 of 64 bytes failed: Only part of a ReadProcessMemory or WriteProcessMemory request was completed. (0x12B)
[1031/183957.265:WARNING:pe_image_reader.cc(340)] could not read dos header from C:\WINDOWS\System32\bcrypt.dll
[1031/183957.265:ERROR:process_memory_win.cc(73)] ReadMemory at 0x7ff980bc0000 of 64 bytes failed: Only part of a ReadProcessMemory or WriteProcessMemory request was completed. (0x12B)
[1031/183957.265:WARNING:pe_image_reader.cc(340)] could not read dos header from C:\WINDOWS\SYSTEM32\WINHTTP.dll
[1031/183957.265:ERROR:process_memory_win.cc(73)] ReadMemory at 0x7ff983860000 of 64 bytes failed: Only part of a ReadProcessMemory or WriteProcessMemory request was completed. (0x12B)
[1031/183957.265:WARNING:pe_image_reader.cc(340)] could not read dos header from C:\WINDOWS\SYSTEM32\dhcpcsvc.DLL
[1031/183957.265:ERROR:process_memory_win.cc(73)] ReadMemory at 0x7ff98f0c0000 of 64 bytes failed: Only part of a ReadProcessMemory or WriteProcessMemory request was completed. (0x12B)
[1031/183957.265:WARNING:pe_image_reader.cc(340)] could not read dos header from C:\WINDOWS\System32\NSI.dll
[1031/183957.265:ERROR:process_memory_win.cc(73)] ReadMemory at 0x7ff989ab0000 of 64 bytes failed: Only part of a ReadProcessMemory or WriteProcessMemory request was completed. (0x12B)
[1031/183957.265:WARNING:pe_image_reader.cc(340)] could not read dos header from C:\WINDOWS\SYSTEM32\WINMMBASE.dll
[1031/183957.265:ERROR:process_memory_win.cc(73)] ReadMemory at 0x7ff98cc00000 of 64 bytes failed: Only part of a ReadProcessMemory or WriteProcessMemory request was completed. (0x12B)
[1031/183957.265:WARNING:pe_image_reader.cc(340)] could not read dos header from C:\WINDOWS\System32\cfgmgr32.dll
[1031/183957.266:ERROR:process_memory_win.cc(73)] ReadMemory at 0x7ff988c40000 of 64 bytes failed: Only part of a ReadProcessMemory or WriteProcessMemory request was completed. (0x12B)
[1031/183957.266:WARNING:pe_image_reader.cc(340)] could not read dos header from C:\WINDOWS\SYSTEM32\PROPSYS.dll
[1031/183957.266:ERROR:process_memory_win.cc(73)] ReadMemory at 0x7ff98e6f0000 of 64 bytes failed: Only part of a ReadProcessMemory or WriteProcessMemory request was completed. (0x12B)
[1031/183957.267:WARNING:pe_image_reader.cc(340)] could not read dos header from C:\WINDOWS\System32\shcore.dll
[1031/183957.267:ERROR:process_memory_win.cc(73)] ReadMemory at 0x7ff98bfb0000 of 64 bytes failed: Only part of a ReadProcessMemory or WriteProcessMemory request was completed. (0x12B)
[1031/183957.267:WARNING:pe_image_reader.cc(340)] could not read dos header from C:\WINDOWS\SYSTEM32\SSPICLI.DLL
[1031/183957.267:ERROR:process_memory_win.cc(73)] ReadMemory at 0x7ff98bac0000 of 64 bytes failed: Only part of a ReadProcessMemory or WriteProcessMemory request was completed. (0x12B)
[1031/183957.267:WARNING:pe_image_reader.cc(340)] could not read dos header from C:\WINDOWS\SYSTEM32\CRYPTBASE.DLL
[1031/183958.231:ERROR:process_memory_win.cc(73)] ReadMemory at 0x7ff67c6b0000 of 64 bytes failed: Only part of a ReadProcessMemory or WriteProcessMemory request was completed. (0x12B)
[1031/183958.231:WARNING:pe_image_reader.cc(340)] could not read dos header from C:\Program Files (x86)\Google\Chrome\Application\chrome.exe
[1031/183958.231:ERROR:process_memory_win.cc(73)] ReadMemory at 0x7ff98f1e0000 of 64 bytes failed: Only part of a ReadProcessMemory or WriteProcessMemory request was completed. (0x12B)
[1031/183958.232:WARNING:pe_image_reader.cc(340)] could not read dos header from C:\WINDOWS\SYSTEM32\ntdll.dll
[1031/183958.232:ERROR:process_memory_win.cc(73)] ReadMemory at 0x7ff98eac0000 of 64 bytes failed: Only part of a ReadProcessMemory or WriteProcessMemory request was completed. (0x12B)
[1031/183958.232:WARNING:pe_image_reader.cc(340)] could not read dos header from C:\WINDOWS\System32\KERNEL32.DLL
[1031/183958.232:ERROR:process_memory_win.cc(73)] ReadMemory at 0x7ff98c950000 of 64 bytes failed: Only part of a ReadProcessMemory or WriteProcessMemory request was completed. (0x12B)
[1031/183958.232:WARNING:pe_image_reader.cc(340)] could not read dos header from C:\WINDOWS\System32\KERNELBASE.dll
[1031/183958.232:ERROR:process_memory_win.cc(73)] ReadMemory at 0x7ff972e70000 of 64 bytes failed: Only part of a ReadProcessMemory or WriteProcessMemory request was completed. (0x12B)
[1031/183958.232:WARNING:pe_image_reader.cc(340)] could not read dos header from C:\Program Files (x86)\Google\Chrome\Application\86.0.4240.111\chrome_elf.dll
[1031/183958.232:ERROR:process_memory_win.cc(73)] ReadMemory at 0x7ff981190000 of 64 bytes failed: Only part of a ReadProcessMemory or WriteProcessMemory request was completed. (0x12B)
[1031/183958.232:WARNING:pe_image_reader.cc(340)] could not read dos header from C:\WINDOWS\SYSTEM32\VERSION.dll
[1031/183958.232:ERROR:process_memory_win.cc(73)] ReadMemory at 0x7ff98e530000 of 64 bytes failed: Only part of a ReadProcessMemory or WriteProcessMemory request was completed. (0x12B)
[1031/183958.233:WARNING:pe_image_reader.cc(340)] could not read dos header from C:\WINDOWS\System32\msvcrt.dll
[1031/183958.233:ERROR:process_memory_win.cc(73)] ReadMemory at 0x7ff98d0c0000 of 64 bytes failed: Only part of a ReadProcessMemory or WriteProcessMemory request was completed. (0x12B)
[1031/183958.233:WARNING:pe_image_reader.cc(340)] could not read dos header from C:\WINDOWS\System32\bcryptPrimitives.dll
[1031/183958.233:ERROR:process_memory_win.cc(73)] ReadMemory at 0x7ff98e480000 of 64 bytes failed: Only part of a ReadProcessMemory or WriteProcessMemory request was completed. (0x12B)
[1031/183958.233:WARNING:pe_image_reader.cc(340)] could not read dos header from C:\WINDOWS\System32\ADVAPI32.dll
[1031/183958.233:ERROR:process_memory_win.cc(73)] ReadMemory at 0x7ff98ea20000 of 64 bytes failed: Only part of a ReadProcessMemory or WriteProcessMemory request was completed. (0x12B)
[1031/183958.233:WARNING:pe_image_reader.cc(340)] could not read dos header from C:\WINDOWS\System32\sechost.dll
[1031/183958.233:ERROR:process_memory_win.cc(73)] ReadMemory at 0x7ff98e1a0000 of 64 bytes failed: Only part of a ReadProcessMemory or WriteProcessMemory request was completed. (0x12B)
[1031/183958.234:WARNING:pe_image_reader.cc(340)] could not read dos header from C:\WINDOWS\System32\RPCRT4.dll
[1031/183958.234:ERROR:process_memory_win.cc(73)] ReadMemory at 0x7ff953310000 of 64 bytes failed: Only part of a ReadProcessMemory or WriteProcessMemory request was completed. (0x12B)
[1031/183958.234:WARNING:pe_image_reader.cc(340)] could not read dos header from C:\Program Files (x86)\Google\Chrome\Application\86.0.4240.111\chrome.dll
[1031/183958.234:ERROR:process_memory_win.cc(73)] ReadMemory at 0x7ff98e5f0000 of 64 bytes failed: Only part of a ReadProcessMemory or WriteProcessMemory request was completed. (0x12B)
[1031/183958.234:WARNING:pe_image_reader.cc(340)] could not read dos header from C:\WINDOWS\System32\WS2_32.dll
[1031/183958.235:ERROR:process_memory_win.cc(73)] ReadMemory at 0x7ff98f0d0000 of 64 bytes failed: Only part of a ReadProcessMemory or WriteProcessMemory request was completed. (0x12B)
[1031/183958.235:WARNING:pe_image_reader.cc(340)] could not read dos header from C:\WINDOWS\System32\OLEAUT32.dll
[1031/183958.235:ERROR:process_memory_win.cc(73)] ReadMemory at 0x7ff98cf20000 of 64 bytes failed: Only part of a ReadProcessMemory or WriteProcessMemory request was completed. (0x12B)
[1031/183958.235:WARNING:pe_image_reader.cc(340)] could not read dos header from C:\WINDOWS\System32\msvcp_win.dll
[1031/183958.236:ERROR:process_memory_win.cc(73)] ReadMemory at 0x7ff98cfc0000 of 64 bytes failed: Only part of a ReadProcessMemory or WriteProcessMemory request was completed. (0x12B)
[1031/183958.236:WARNING:pe_image_reader.cc(340)] could not read dos header from C:\WINDOWS\System32\ucrtbase.dll
[1031/183958.236:ERROR:process_memory_win.cc(73)] ReadMemory at 0x7ff98d550000 of 64 bytes failed: Only part of a ReadProcessMemory or WriteProcessMemory request was completed. (0x12B)
[1031/183958.236:WARNING:pe_image_reader.cc(340)] could not read dos header from C:\WINDOWS\System32\combase.dll
[1031/183958.236:ERROR:process_memory_win.cc(73)] ReadMemory at 0x7ff98cd00000 of 64 bytes failed: Only part of a ReadProcessMemory or WriteProcessMemory request was completed. (0x12B)
[1031/183958.236:WARNING:pe_image_reader.cc(340)] could not read dos header from C:\WINDOWS\System32\WINTRUST.dll
[1031/183958.236:ERROR:process_memory_win.cc(73)] ReadMemory at 0x7ff98c0c0000 of 64 bytes failed: Only part of a ReadProcessMemory or WriteProcessMemory request was completed. (0x12B)
[1031/183958.236:WARNING:pe_image_reader.cc(340)] could not read dos header from C:\WINDOWS\System32\MSASN1.dll
[1031/183958.236:ERROR:process_memory_win.cc(73)] ReadMemory at 0x7ff98d140000 of 64 bytes failed: Only part of a ReadProcessMemory or WriteProcessMemory request was completed. (0x12B)
[1031/183958.236:WARNING:pe_image_reader.cc(340)] could not read dos header from C:\WINDOWS\System32\CRYPT32.dll
[1031/183958.236:ERROR:process_memory_win.cc(73)] ReadMemory at 0x7ff97a620000 of 64 bytes failed: Only part of a ReadProcessMemory or WriteProcessMemory request was completed. (0x12B)
[1031/183958.236:WARNING:pe_image_reader.cc(340)] could not read dos header from C:\WINDOWS\SYSTEM32\dbghelp.dll
[1031/183958.237:ERROR:process_memory_win.cc(73)] ReadMemory at 0x7ff98b600000 of 64 bytes failed: Only part of a ReadProcessMemory or WriteProcessMemory request was completed. (0x12B)
[1031/183958.237:WARNING:pe_image_reader.cc(340)] could not read dos header from C:\WINDOWS\SYSTEM32\IPHLPAPI.DLL
[1031/183958.237:ERROR:process_memory_win.cc(73)] ReadMemory at 0x7ff989ae0000 of 64 bytes failed: Only part of a ReadProcessMemory or WriteProcessMemory request was completed. (0x12B)
[1031/183958.237:WARNING:pe_image_reader.cc(340)] could not read dos header from C:\WINDOWS\SYSTEM32\WINMM.dll
[1031/183958.237:ERROR:process_memory_win.cc(73)] ReadMemory at 0x7ff96aee0000 of 64 bytes failed: Only part of a ReadProcessMemory or WriteProcessMemory request was completed. (0x12B)
[1031/183958.237:WARNING:pe_image_reader.cc(340)] could not read dos header from C:\WINDOWS\SYSTEM32\UIAutomationCore.DLL
[1031/183958.237:ERROR:process_memory_win.cc(73)] ReadMemory at 0x7ff977270000 of 64 bytes failed: Only part of a ReadProcessMemory or WriteProcessMemory request was completed. (0x12B)
[1031/183958.237:WARNING:pe_image_reader.cc(340)] could not read dos header from C:\WINDOWS\SYSTEM32\Secur32.dll
[1031/183958.237:ERROR:process_memory_win.cc(73)] ReadMemory at 0x7ff98bf80000 of 64 bytes failed: Only part of a ReadProcessMemory or WriteProcessMemory request was completed. (0x12B)
[1031/183958.237:WARNING:pe_image_reader.cc(340)] could not read dos header from C:\WINDOWS\SYSTEM32\USERENV.dll
[1031/183958.238:ERROR:process_memory_win.cc(73)] ReadMemory at 0x7ff98c0e0000 of 64 bytes failed: Only part of a ReadProcessMemory or WriteProcessMemory request was completed. (0x12B)
[1031/183958.238:WARNING:pe_image_reader.cc(340)] could not read dos header from C:\WINDOWS\System32\profapi.dll
[1031/183958.239:ERROR:process_memory_win.cc(73)] ReadMemory at 0x7ff97c7a0000 of 64 bytes failed: Only part of a ReadProcessMemory or WriteProcessMemory request was completed. (0x12B)
[1031/183958.239:WARNING:pe_image_reader.cc(340)] could not read dos header from C:\WINDOWS\SYSTEM32\DWrite.dll
[1031/183958.239:ERROR:process_memory_win.cc(73)] ReadMemory at 0x7ff975e90000 of 64 bytes failed: Only part of a ReadProcessMemory or WriteProcessMemory request was completed. (0x12B)
[1031/183958.239:WARNING:pe_image_reader.cc(340)] could not read dos header from C:\WINDOWS\SYSTEM32\WINSPOOL.DRV
[1031/183958.239:ERROR:process_memory_win.cc(73)] ReadMemory at 0x7ff98c0a0000 of 64 bytes failed: Only part of a ReadProcessMemory or WriteProcessMemory request was completed. (0x12B)
[1031/183958.239:WARNING:pe_image_reader.cc(340)] could not read dos header from C:\WINDOWS\System32\kernel.appcore.dll
[1031/183958.239:ERROR:process_memory_win.cc(73)] ReadMemory at 0x7ff98c920000 of 64 bytes failed: Only part of a ReadProcessMemory or WriteProcessMemory request was completed. (0x12B)
[1031/183958.239:WARNING:pe_image_reader.cc(340)] could not read dos header from C:\WINDOWS\System32\bcrypt.dll
[1031/183958.239:ERROR:process_memory_win.cc(73)] ReadMemory at 0x7ff980bc0000 of 64 bytes failed: Only part of a ReadProcessMemory or WriteProcessMemory request was completed. (0x12B)
[1031/183958.239:WARNING:pe_image_reader.cc(340)] could not read dos header from C:\WINDOWS\SYSTEM32\WINHTTP.dll
[1031/183958.240:ERROR:process_memory_win.cc(73)] ReadMemory at 0x7ff983860000 of 64 bytes failed: Only part of a ReadProcessMemory or WriteProcessMemory request was completed. (0x12B)
[1031/183958.240:WARNING:pe_image_reader.cc(340)] could not read dos header from C:\WINDOWS\SYSTEM32\dhcpcsvc.DLL
[1031/183958.240:ERROR:process_memory_win.cc(73)] ReadMemory at 0x7ff98f0c0000 of 64 bytes failed: Only part of a ReadProcessMemory or WriteProcessMemory request was completed. (0x12B)
[1031/183958.240:WARNING:pe_image_reader.cc(340)] could not read dos header from C:\WINDOWS\System32\NSI.dll
[1031/183958.240:ERROR:process_memory_win.cc(73)] ReadMemory at 0x7ff989ab0000 of 64 bytes failed: Only part of a ReadProcessMemory or WriteProcessMemory request was completed. (0x12B)
[1031/183958.240:WARNING:pe_image_reader.cc(340)] could not read dos header from C:\WINDOWS\SYSTEM32\WINMMBASE.dll
[1031/183958.240:ERROR:process_memory_win.cc(73)] ReadMemory at 0x7ff98cc00000 of 64 bytes failed: Only part of a ReadProcessMemory or WriteProcessMemory request was completed. (0x12B)
[1031/183958.240:WARNING:pe_image_reader.cc(340)] could not read dos header from C:\WINDOWS\System32\cfgmgr32.dll
[1031/183958.240:ERROR:process_memory_win.cc(73)] ReadMemory at 0x7ff988c40000 of 64 bytes failed: Only part of a ReadProcessMemory or WriteProcessMemory request was completed. (0x12B)
[1031/183958.240:WARNING:pe_image_reader.cc(340)] could not read dos header from C:\WINDOWS\SYSTEM32\PROPSYS.dll
[1031/183958.240:ERROR:process_memory_win.cc(73)] ReadMemory at 0x7ff98e6f0000 of 64 bytes failed: Only part of a ReadProcessMemory or WriteProcessMemory request was completed. (0x12B)
[1031/183958.241:WARNING:pe_image_reader.cc(340)] could not read dos header from C:\WINDOWS\System32\shcore.dll
[1031/183958.241:ERROR:process_memory_win.cc(73)] ReadMemory at 0x7ff98bfb0000 of 64 bytes failed: Only part of a ReadProcessMemory or WriteProcessMemory request was completed. (0x12B)
[1031/183958.241:WARNING:pe_image_reader.cc(340)] could not read dos header from C:\WINDOWS\SYSTEM32\SSPICLI.DLL
[1031/183958.241:ERROR:process_memory_win.cc(73)] ReadMemory at 0x7ff98bac0000 of 64 bytes failed: Only part of a ReadProcessMemory or WriteProcessMemory request was completed. (0x12B)
[1031/183958.241:WARNING:pe_image_reader.cc(340)] could not read dos header from C:\WINDOWS\SYSTEM32\CRYPTBASE.DLL
[1031/183958.241:ERROR:process_memory_win.cc(73)] ReadMemory at 0x7ff67c6b0000 of 64 bytes failed: Only part of a ReadProcessMemory or WriteProcessMemory request was completed. (0x12B)
[1031/183958.241:WARNING:pe_image_reader.cc(340)] could not read dos header from C:\Program Files (x86)\Google\Chrome\Application\chrome.exe
[1031/183958.241:ERROR:process_memory_win.cc(73)] ReadMemory at 0x7ff98f1e0000 of 64 bytes failed: Only part of a ReadProcessMemory or WriteProcessMemory request was completed. (0x12B)
[1031/183958.241:WARNING:pe_image_reader.cc(340)] could not read dos header from C:\WINDOWS\SYSTEM32\ntdll.dll
[1031/183958.242:ERROR:process_memory_win.cc(73)] ReadMemory at 0x7ff98eac0000 of 64 bytes failed: Only part of a ReadProcessMemory or WriteProcessMemory request was completed. (0x12B)
[1031/183958.242:WARNING:pe_image_reader.cc(340)] could not read dos header from C:\WINDOWS\System32\KERNEL32.DLL
[1031/183958.242:ERROR:process_memory_win.cc(73)] ReadMemory at 0x7ff98c950000 of 64 bytes failed: Only part of a ReadProcessMemory or WriteProcessMemory request was completed. (0x12B)
[1031/183958.242:WARNING:pe_image_reader.cc(340)] could not read dos header from C:\WINDOWS\System32\KERNELBASE.dll
[1031/183958.242:ERROR:process_memory_win.cc(73)] ReadMemory at 0x7ff972e70000 of 64 bytes failed: Only part of a ReadProcessMemory or WriteProcessMemory request was completed. (0x12B)
[1031/183958.242:WARNING:pe_image_reader.cc(340)] could not read dos header from C:\Program Files (x86)\Google\Chrome\Application\86.0.4240.111\chrome_elf.dll
[1031/183958.242:ERROR:process_memory_win.cc(73)] ReadMemory at 0x7ff981190000 of 64 bytes failed: Only part of a ReadProcessMemory or WriteProcessMemory request was completed. (0x12B)
[1031/183958.242:WARNING:pe_image_reader.cc(340)] could not read dos header from C:\WINDOWS\SYSTEM32\VERSION.dll
[1031/183958.242:ERROR:process_memory_win.cc(73)] ReadMemory at 0x7ff98e530000 of 64 bytes failed: Only part of a ReadProcessMemory or WriteProcessMemory request was completed. (0x12B)
[1031/183958.242:WARNING:pe_image_reader.cc(340)] could not read dos header from C:\WINDOWS\System32\msvcrt.dll
[1031/183958.242:ERROR:process_memory_win.cc(73)] ReadMemory at 0x7ff98d0c0000 of 64 bytes failed: Only part of a ReadProcessMemory or WriteProcessMemory request was completed. (0x12B)
[1031/183958.242:WARNING:pe_image_reader.cc(340)] could not read dos header from C:\WINDOWS\System32\bcryptPrimitives.dll
[1031/183958.243:ERROR:process_memory_win.cc(73)] ReadMemory at 0x7ff98e480000 of 64 bytes failed: Only part of a ReadProcessMemory or WriteProcessMemory request was completed. (0x12B)
[1031/183958.243:WARNING:pe_image_reader.cc(340)] could not read dos header from C:\WINDOWS\System32\ADVAPI32.dll
[1031/183958.243:ERROR:process_memory_win.cc(73)] ReadMemory at 0x7ff98ea20000 of 64 bytes failed: Only part of a ReadProcessMemory or WriteProcessMemory request was completed. (0x12B)
[1031/183958.243:WARNING:pe_image_reader.cc(340)] could not read dos header from C:\WINDOWS\System32\sechost.dll
[1031/183958.243:ERROR:process_memory_win.cc(73)] ReadMemory at 0x7ff98e1a0000 of 64 bytes failed: Only part of a ReadProcessMemory or WriteProcessMemory request was completed. (0x12B)
[1031/183958.243:WARNING:pe_image_reader.cc(340)] could not read dos header from C:\WINDOWS\System32\RPCRT4.dll
[1031/183958.243:ERROR:process_memory_win.cc(73)] ReadMemory at 0x7ff953310000 of 64 bytes failed: Only part of a ReadProcessMemory or WriteProcessMemory request was completed. (0x12B)
[1031/183958.243:WARNING:pe_image_reader.cc(340)] could not read dos header from C:\Program Files (x86)\Google\Chrome\Application\86.0.4240.111\chrome.dll
[1031/183958.243:ERROR:process_memory_win.cc(73)] ReadMemory at 0x7ff98e5f0000 of 64 bytes failed: Only part of a ReadProcessMemory or WriteProcessMemory request was completed. (0x12B)
[1031/183958.243:WARNING:pe_image_reader.cc(340)] could not read dos header from C:\WINDOWS\System32\WS2_32.dll
[1031/183958.243:ERROR:process_memory_win.cc(73)] ReadMemory at 0x7ff98f0d0000 of 64 bytes failed: Only part of a ReadProcessMemory or WriteProcessMemory request was completed. (0x12B)
[1031/183958.243:WARNING:pe_image_reader.cc(340)] could not read dos header from C:\WINDOWS\System32\OLEAUT32.dll
[1031/183958.244:ERROR:process_memory_win.cc(73)] ReadMemory at 0x7ff98cf20000 of 64 bytes failed: Only part of a ReadProcessMemory or WriteProcessMemory request was completed. (0x12B)
[1031/183958.244:WARNING:pe_image_reader.cc(340)] could not read dos header from C:\WINDOWS\System32\msvcp_win.dll
[1031/183958.244:ERROR:process_memory_win.cc(73)] ReadMemory at 0x7ff98cfc0000 of 64 bytes failed: Only part of a ReadProcessMemory or WriteProcessMemory request was completed. (0x12B)
[1031/183958.244:WARNING:pe_image_reader.cc(340)] could not read dos header from C:\WINDOWS\System32\ucrtbase.dll
[1031/183958.244:ERROR:process_memory_win.cc(73)] ReadMemory at 0x7ff98d550000 of 64 bytes failed: Only part of a ReadProcessMemory or WriteProcessMemory request was completed. (0x12B)
[1031/183958.244:WARNING:pe_image_reader.cc(340)] could not read dos header from C:\WINDOWS\System32\combase.dll
[1031/183958.244:ERROR:process_memory_win.cc(73)] ReadMemory at 0x7ff98cd00000 of 64 bytes failed: Only part of a ReadProcessMemory or WriteProcessMemory request was completed. (0x12B)
[1031/183958.244:WARNING:pe_image_reader.cc(340)] could not read dos header from C:\WINDOWS\System32\WINTRUST.dll
[1031/183958.244:ERROR:process_memory_win.cc(73)] ReadMemory at 0x7ff98c0c0000 of 64 bytes failed: Only part of a ReadProcessMemory or WriteProcessMemory request was completed. (0x12B)
[1031/183958.244:WARNING:pe_image_reader.cc(340)] could not read dos header from C:\WINDOWS\System32\MSASN1.dll
[1031/183958.244:ERROR:process_memory_win.cc(73)] ReadMemory at 0x7ff98d140000 of 64 bytes failed: Only part of a ReadProcessMemory or WriteProcessMemory request was completed. (0x12B)
[1031/183958.244:WARNING:pe_image_reader.cc(340)] could not read dos header from C:\WINDOWS\System32\CRYPT32.dll
[1031/183958.245:ERROR:process_memory_win.cc(73)] ReadMemory at 0x7ff97a620000 of 64 bytes failed: Only part of a ReadProcessMemory or WriteProcessMemory request was completed. (0x12B)
[1031/183958.245:WARNING:pe_image_reader.cc(340)] could not read dos header from C:\WINDOWS\SYSTEM32\dbghelp.dll
[1031/183958.245:ERROR:process_memory_win.cc(73)] ReadMemory at 0x7ff98b600000 of 64 bytes failed: Only part of a ReadProcessMemory or WriteProcessMemory request was completed. (0x12B)
[1031/183958.245:WARNING:pe_image_reader.cc(340)] could not read dos header from C:\WINDOWS\SYSTEM32\IPHLPAPI.DLL
[1031/183958.245:ERROR:process_memory_win.cc(73)] ReadMemory at 0x7ff989ae0000 of 64 bytes failed: Only part of a ReadProcessMemory or WriteProcessMemory request was completed. (0x12B)
[1031/183958.245:WARNING:pe_image_reader.cc(340)] could not read dos header from C:\WINDOWS\SYSTEM32\WINMM.dll
[1031/183958.245:ERROR:process_memory_win.cc(73)] ReadMemory at 0x7ff96aee0000 of 64 bytes failed: Only part of a ReadProcessMemory or WriteProcessMemory request was completed. (0x12B)
[1031/183958.245:WARNING:pe_image_reader.cc(340)] could not read dos header from C:\WINDOWS\SYSTEM32\UIAutomationCore.DLL
[1031/183958.245:ERROR:process_memory_win.cc(73)] ReadMemory at 0x7ff977270000 of 64 bytes failed: Only part of a ReadProcessMemory or WriteProcessMemory request was completed. (0x12B)
[1031/183958.245:WARNING:pe_image_reader.cc(340)] could not read dos header from C:\WINDOWS\SYSTEM32\Secur32.dll
[1031/183958.245:ERROR:process_memory_win.cc(73)] ReadMemory at 0x7ff98bf80000 of 64 bytes failed: Only part of a ReadProcessMemory or WriteProcessMemory request was completed. (0x12B)
[1031/183958.245:WARNING:pe_image_reader.cc(340)] could not read dos header from C:\WINDOWS\SYSTEM32\USERENV.dll
[1031/183958.246:ERROR:process_memory_win.cc(73)] ReadMemory at 0x7ff98c0e0000 of 64 bytes failed: Only part of a ReadProcessMemory or WriteProcessMemory request was completed. (0x12B)
[1031/183958.246:WARNING:pe_image_reader.cc(340)] could not read dos header from C:\WINDOWS\System32\profapi.dll
[1031/183958.246:ERROR:process_memory_win.cc(73)] ReadMemory at 0x7ff97c7a0000 of 64 bytes failed: Only part of a ReadProcessMemory or WriteProcessMemory request was completed. (0x12B)
[1031/183958.246:WARNING:pe_image_reader.cc(340)] could not read dos header from C:\WINDOWS\SYSTEM32\DWrite.dll
[1031/183958.246:ERROR:process_memory_win.cc(73)] ReadMemory at 0x7ff975e90000 of 64 bytes failed: Only part of a ReadProcessMemory or WriteProcessMemory request was completed. (0x12B)
[1031/183958.246:WARNING:pe_image_reader.cc(340)] could not read dos header from C:\WINDOWS\SYSTEM32\WINSPOOL.DRV
[1031/183958.246:ERROR:process_memory_win.cc(73)] ReadMemory at 0x7ff98c0a0000 of 64 bytes failed: Only part of a ReadProcessMemory or WriteProcessMemory request was completed. (0x12B)
[1031/183958.246:WARNING:pe_image_reader.cc(340)] could not read dos header from C:\WINDOWS\System32\kernel.appcore.dll
[1031/183958.246:ERROR:process_memory_win.cc(73)] ReadMemory at 0x7ff98c920000 of 64 bytes failed: Only part of a ReadProcessMemory or WriteProcessMemory request was completed. (0x12B)
[1031/183958.246:WARNING:pe_image_reader.cc(340)] could not read dos header from C:\WINDOWS\System32\bcrypt.dll
[1031/183958.247:ERROR:process_memory_win.cc(73)] ReadMemory at 0x7ff980bc0000 of 64 bytes failed: Only part of a ReadProcessMemory or WriteProcessMemory request was completed. (0x12B)
[1031/183958.247:WARNING:pe_image_reader.cc(340)] could not read dos header from C:\WINDOWS\SYSTEM32\WINHTTP.dll
[1031/183958.247:ERROR:process_memory_win.cc(73)] ReadMemory at 0x7ff983860000 of 64 bytes failed: Only part of a ReadProcessMemory or WriteProcessMemory request was completed. (0x12B)
[1031/183958.247:WARNING:pe_image_reader.cc(340)] could not read dos header from C:\WINDOWS\SYSTEM32\dhcpcsvc.DLL
[1031/183958.247:ERROR:process_memory_win.cc(73)] ReadMemory at 0x7ff98f0c0000 of 64 bytes failed: Only part of a ReadProcessMemory or WriteProcessMemory request was completed. (0x12B)
[1031/183958.247:WARNING:pe_image_reader.cc(340)] could not read dos header from C:\WINDOWS\System32\NSI.dll
[1031/183958.247:ERROR:process_memory_win.cc(73)] ReadMemory at 0x7ff989ab0000 of 64 bytes failed: Only part of a ReadProcessMemory or WriteProcessMemory request was completed. (0x12B)
[1031/183958.247:WARNING:pe_image_reader.cc(340)] could not read dos header from C:\WINDOWS\SYSTEM32\WINMMBASE.dll
[1031/183958.248:ERROR:process_memory_win.cc(73)] ReadMemory at 0x7ff98cc00000 of 64 bytes failed: Only part of a ReadProcessMemory or WriteProcessMemory request was completed. (0x12B)
[1031/183958.248:WARNING:pe_image_reader.cc(340)] could not read dos header from C:\WINDOWS\System32\cfgmgr32.dll
[1031/183958.248:ERROR:process_memory_win.cc(73)] ReadMemory at 0x7ff988c40000 of 64 bytes failed: Only part of a ReadProcessMemory or WriteProcessMemory request was completed. (0x12B)
[1031/183958.248:WARNING:pe_image_reader.cc(340)] could not read dos header from C:\WINDOWS\SYSTEM32\PROPSYS.dll
[1031/183958.248:ERROR:process_memory_win.cc(73)] ReadMemory at 0x7ff98e6f0000 of 64 bytes failed: Only part of a ReadProcessMemory or WriteProcessMemory request was completed. (0x12B)
[1031/183958.248:WARNING:pe_image_reader.cc(340)] could not read dos header from C:\WINDOWS\System32\shcore.dll
[1031/183958.248:ERROR:process_memory_win.cc(73)] ReadMemory at 0x7ff98bfb0000 of 64 bytes failed: Only part of a ReadProcessMemory or WriteProcessMemory request was completed. (0x12B)
[1031/183958.248:WARNING:pe_image_reader.cc(340)] could not read dos header from C:\WINDOWS\SYSTEM32\SSPICLI.DLL
[1031/183958.248:ERROR:process_memory_win.cc(73)] ReadMemory at 0x7ff98bac0000 of 64 bytes failed: Only part of a ReadProcessMemory or WriteProcessMemory request was completed. (0x12B)
[1031/183958.248:WARNING:pe_image_reader.cc(340)] could not read dos header from C:\WINDOWS\SYSTEM32\CRYPTBASE.DLL
[1031/183958.638:ERROR:process_memory_win.cc(73)] ReadMemory at 0xffbbdba000 of 286720 bytes failed: Only part of a ReadProcessMemory or WriteProcessMemory request was completed. (0x12B)
[1031/183959.047:ERROR:process_memory_win.cc(73)] ReadMemory at 0xffbc5fe000 of 8192 bytes failed: Only part of a ReadProcessMemory or WriteProcessMemory request was completed. (0x12B)
[1031/183959.047:ERROR:process_memory_win.cc(73)] ReadMemory at 0xffbd5fd000 of 12288 bytes failed: Only part of a ReadProcessMemory or WriteProcessMemory request was completed. (0x12B)
[1031/183959.048:ERROR:process_memory_win.cc(73)] ReadMemory at 0xffbddfd000 of 12288 bytes failed: Only part of a ReadProcessMemory or WriteProcessMemory request was completed. (0x12B)
[1031/183959.048:ERROR:process_memory_win.cc(73)] ReadMemory at 0xffbedfe000 of 8192 bytes failed: Only part of a ReadProcessMemory or WriteProcessMemory request was completed. (0x12B)
[1031/183959.048:ERROR:process_memory_win.cc(73)] ReadMemory at 0xffbf5fe000 of 8192 bytes failed: Only part of a ReadProcessMemory or WriteProcessMemory request was completed. (0x12B)
[1031/183959.048:ERROR:process_memory_win.cc(73)] ReadMemory at 0xffbfdfd000 of 12288 bytes failed: Only part of a ReadProcessMemory or WriteProcessMemory request was completed. (0x12B)
[1031/183959.050:ERROR:process_memory_win.cc(73)] ReadMemory at 0xffc0dfe000 of 8192 bytes failed: Only part of a ReadProcessMemory or WriteProcessMemory request was completed. (0x12B)
[1031/183959.050:ERROR:process_memory_win.cc(73)] ReadMemory at 0xffc15fb000 of 20480 bytes failed: Only part of a ReadProcessMemory or WriteProcessMemory request was completed. (0x12B)
[1031/183959.050:ERROR:process_memory_win.cc(73)] ReadMemory at 0xffc1dfb000 of 20480 bytes failed: Only part of a ReadProcessMemory or WriteProcessMemory request was completed. (0x12B)
[1031/183959.050:ERROR:process_memory_win.cc(73)] ReadMemory at 0xffc25fe000 of 8192 bytes failed: Only part of a ReadProcessMemory or WriteProcessMemory request was completed. (0x12B)
[1031/183959.051:ERROR:process_memory_win.cc(73)] ReadMemory at 0xffbe5fe000 of 8192 bytes failed: Only part of a ReadProcessMemory or WriteProcessMemory request was completed. (0x12B)
[1031/183959.051:ERROR:process_memory_win.cc(73)] ReadMemory at 0xffc2dfc000 of 16384 bytes failed: Only part of a ReadProcessMemory or WriteProcessMemory request was completed. (0x12B)
[1031/183959.051:ERROR:process_memory_win.cc(73)] ReadMemory at 0xffbcdfb000 of 20480 bytes failed: Only part of a ReadProcessMemory or WriteProcessMemory request was completed. (0x12B)
[1031/183959.051:ERROR:process_memory_win.cc(73)] ReadMemory at 0xffc05fd000 of 12288 bytes failed: Only part of a ReadProcessMemory or WriteProcessMemory request was completed. (0x12B)
[1031/183959.052:ERROR:process_memory_win.cc(73)] ReadMemory at 0xffc35ff000 of 4096 bytes failed: Only part of a ReadProcessMemory or WriteProcessMemory request was completed. (0x12B)
[1031/183959.052:ERROR:process_memory_win.cc(73)] ReadMemory at 0xffbb4c5000 of 852 bytes failed: Only part of a ReadProcessMemory or WriteProcessMemory request was completed. (0x12B)
[1031/183959.052:ERROR:process_memory_win.cc(73)] ReadMemory at 0xffbb4c6000 of 6024 bytes failed: Only part of a ReadProcessMemory or WriteProcessMemory request was completed. (0x12B)
[1031/183959.052:ERROR:process_memory_win.cc(73)] ReadMemory at 0xffbb4c8000 of 6024 bytes failed: Only part of a ReadProcessMemory or WriteProcessMemory request was completed. (0x12B)
[1031/183959.053:ERROR:process_memory_win.cc(73)] ReadMemory at 0xffbb4cc000 of 6024 bytes failed: Only part of a ReadProcessMemory or WriteProcessMemory request was completed. (0x12B)
[1031/183959.053:ERROR:process_memory_win.cc(73)] ReadMemory at 0xffbb4ce000 of 6024 bytes failed: Only part of a ReadProcessMemory or WriteProcessMemory request was completed. (0x12B)
[1031/183959.053:ERROR:process_memory_win.cc(73)] ReadMemory at 0xffbb4d2000 of 6024 bytes failed: Only part of a ReadProcessMemory or WriteProcessMemory request was completed. (0x12B)
[1031/183959.053:ERROR:process_memory_win.cc(73)] ReadMemory at 0xffbb4d4000 of 6024 bytes failed: Only part of a ReadProcessMemory or WriteProcessMemory request was completed. (0x12B)
[1031/183959.054:ERROR:process_memory_win.cc(73)] ReadMemory at 0xffbb4d6000 of 6024 bytes failed: Only part of a ReadProcessMemory or WriteProcessMemory request was completed. (0x12B)
[1031/183959.054:ERROR:process_memory_win.cc(73)] ReadMemory at 0xffbb4da000 of 6024 bytes failed: Only part of a ReadProcessMemory or WriteProcessMemory request was completed. (0x12B)
[1031/183959.054:ERROR:process_memory_win.cc(73)] ReadMemory at 0xffbb4dc000 of 6024 bytes failed: Only part of a ReadProcessMemory or WriteProcessMemory request was completed. (0x12B)
[1031/183959.055:ERROR:process_memory_win.cc(73)] ReadMemory at 0xffbb4de000 of 6024 bytes failed: Only part of a ReadProcessMemory or WriteProcessMemory request was completed. (0x12B)
[1031/183959.055:ERROR:process_memory_win.cc(73)] ReadMemory at 0xffbb4e0000 of 6024 bytes failed: Only part of a ReadProcessMemory or WriteProcessMemory request was completed. (0x12B)
[1031/183959.055:ERROR:process_memory_win.cc(73)] ReadMemory at 0xffbb4e2000 of 6024 bytes failed: Only part of a ReadProcessMemory or WriteProcessMemory request was completed. (0x12B)
[1031/183959.055:ERROR:process_memory_win.cc(73)] ReadMemory at 0xffbb5da000 of 6024 bytes failed: Only part of a ReadProcessMemory or WriteProcessMemory request was completed. (0x12B)
[1031/183959.056:ERROR:process_memory_win.cc(73)] ReadMemory at 0xffbb5e0000 of 6024 bytes failed: Only part of a ReadProcessMemory or WriteProcessMemory request was completed. (0x12B)
[1031/183959.056:ERROR:process_memory_win.cc(73)] ReadMemory at 0xffbb5e2000 of 6024 bytes failed: Only part of a ReadProcessMemory or WriteProcessMemory request was completed. (0x12B)
[1031/183959.056:ERROR:process_memory_win.cc(73)] ReadMemory at 0xffbb5e4000 of 6024 bytes failed: Only part of a ReadProcessMemory or WriteProcessMemory request was completed. (0x12B)
[1031/183959.056:ERROR:process_memory_win.cc(73)] ReadMemory at 0x2fb15f51c00 of 512 bytes failed: Only part of a ReadProcessMemory or WriteProcessMemory request was completed. (0x12B)
[1031/183959.188:ERROR:process_memory_win.cc(73)] ReadMemory at 0x2fb16020fe0 of 11908 bytes failed: Only part of a ReadProcessMemory or WriteProcessMemory request was completed. (0x12B)
[1031/183959.188:ERROR:process_memory_win.cc(73)] ReadMemory at 0x2fb16023e70 of 1012 bytes failed: Only part of a ReadProcessMemory or WriteProcessMemory request was completed. (0x12B)
[1031/183959.189:ERROR:process_memory_win.cc(73)] ReadMemory at 0x2fb160244b8 of 118 bytes failed: Only part of a ReadProcessMemory or WriteProcessMemory request was completed. (0x12B)
[1031/183959.189:ERROR:process_memory_win.cc(73)] ReadMemory at 0x2fb16024530 of 718 bytes failed: Only part of a ReadProcessMemory or WriteProcessMemory request was completed. (0x12B)
[1031/183959.189:ERROR:process_memory_win.cc(73)] ReadMemory at 0x2fb16024800 of 118 bytes failed: Only part of a ReadProcessMemory or WriteProcessMemory request was completed. (0x12B)
[1031/183959.189:ERROR:process_memory_win.cc(73)] ReadMemory at 0x2fb16024878 of 98 bytes failed: Only part of a ReadProcessMemory or WriteProcessMemory request was completed. (0x12B)
[1031/183959.189:ERROR:process_memory_win.cc(73)] ReadMemory at 0x2fb160248f0 of 58 bytes failed: Only part of a ReadProcessMemory or WriteProcessMemory request was completed. (0x12B)
[1031/183959.190:ERROR:process_memory_win.cc(73)] ReadMemory at 0x2fb160249f0 of 132 bytes failed: Only part of a ReadProcessMemory or WriteProcessMemory request was completed. (0x12B)
[1031/183959.190:ERROR:process_memory_win.cc(73)] ReadMemory at 0x2fb16024b80 of 132 bytes failed: Only part of a ReadProcessMemory or WriteProcessMemory request was completed. (0x12B)
[1031/183959.190:ERROR:process_memory_win.cc(73)] ReadMemory at 0x2fb16024d40 of 126 bytes failed: Only part of a ReadProcessMemory or WriteProcessMemory request was completed. (0x12B)
[1031/183959.190:ERROR:process_memory_win.cc(73)] ReadMemory at 0x2fb16025240 of 132 bytes failed: Only part of a ReadProcessMemory or WriteProcessMemory request was completed. (0x12B)
[1031/183959.190:ERROR:process_memory_win.cc(73)] ReadMemory at 0x2fb160253d0 of 64 bytes failed: Only part of a ReadProcessMemory or WriteProcessMemory request was completed. (0x12B)
[1031/183959.191:ERROR:process_memory_win.cc(73)] ReadMemory at 0x2fb16025590 of 132 bytes failed: Only part of a ReadProcessMemory or WriteProcessMemory request was completed. (0x12B)
[1031/183959.498:ERROR:process_memory_win.cc(73)] ReadMemory at 0x2fb16025830 of 132 bytes failed: Only part of a ReadProcessMemory or WriteProcessMemory request was completed. (0x12B)
[1031/183959.498:ERROR:process_memory_win.cc(73)] ReadMemory at 0x2fb160259c0 of 68 bytes failed: Only part of a ReadProcessMemory or WriteProcessMemory request was completed. (0x12B)
[1031/183959.498:ERROR:process_memory_win.cc(73)] ReadMemory at 0x2fb16026a70 of 132 bytes failed: Only part of a ReadProcessMemory or WriteProcessMemory request was completed. (0x12B)
[1031/183959.498:ERROR:process_memory_win.cc(73)] ReadMemory at 0x2fb16026c00 of 154 bytes failed: Only part of a ReadProcessMemory or WriteProcessMemory request was completed. (0x12B)
[1031/183959.499:ERROR:process_memory_win.cc(73)] ReadMemory at 0x2fb16028ab0 of 62 bytes failed: Only part of a ReadProcessMemory or WriteProcessMemory request was completed. (0x12B)
[1031/183959.499:ERROR:process_memory_win.cc(73)] ReadMemory at 0x2fb16028ca0 of 132 bytes failed: Only part of a ReadProcessMemory or WriteProcessMemory request was completed. (0x12B)
[1031/183959.499:ERROR:process_memory_win.cc(73)] ReadMemory at 0x2fb16028dd0 of 60 bytes failed: Only part of a ReadProcessMemory or WriteProcessMemory request was completed. (0x12B)
[1031/183959.499:ERROR:process_memory_win.cc(73)] ReadMemory at 0x2fb16036340 of 60 bytes failed: Only part of a ReadProcessMemory or WriteProcessMemory request was completed. (0x12B)
[1031/183959.499:ERROR:process_memory_win.cc(73)] ReadMemory at 0x2fb160363e0 of 62 bytes failed: Only part of a ReadProcessMemory or WriteProcessMemory request was completed. (0x12B)
[1031/183959.499:ERROR:process_memory_win.cc(73)] ReadMemory at 0x2fb16036430 of 62 bytes failed: Only part of a ReadProcessMemory or WriteProcessMemory request was completed. (0x12B)
[1031/183959.499:ERROR:process_memory_win.cc(73)] ReadMemory at 0x2fb160364d0 of 60 bytes failed: Only part of a ReadProcessMemory or WriteProcessMemory request was completed. (0x12B)
[1031/183959.499:ERROR:process_memory_win.cc(73)] ReadMemory at 0x2fb160365c0 of 64 bytes failed: Only part of a ReadProcessMemory or WriteProcessMemory request was completed. (0x12B)
[1031/183959.499:ERROR:process_memory_win.cc(73)] ReadMemory at 0x2fb16036610 of 64 bytes failed: Only part of a ReadProcessMemory or WriteProcessMemory request was completed. (0x12B)
[1031/183959.499:ERROR:process_memory_win.cc(73)] ReadMemory at 0x2fb160366b0 of 62 bytes failed: Only part of a ReadProcessMemory or WriteProcessMemory request was completed. (0x12B)
[1031/183959.499:ERROR:process_memory_win.cc(73)] ReadMemory at 0x2fb16036700 of 64 bytes failed: Only part of a ReadProcessMemory or WriteProcessMemory request was completed. (0x12B)
[1031/183959.499:ERROR:process_memory_win.cc(73)] ReadMemory at 0x2fb16036890 of 62 bytes failed: Only part of a ReadProcessMemory or WriteProcessMemory request was completed. (0x12B)
[1031/183959.499:ERROR:process_memory_win.cc(73)] ReadMemory at 0x2fb16036930 of 60 bytes failed: Only part of a ReadProcessMemory or WriteProcessMemory request was completed. (0x12B)
[1031/183959.500:ERROR:process_memory_win.cc(73)] ReadMemory at 0x2fb16036980 of 64 bytes failed: Only part of a ReadProcessMemory or WriteProcessMemory request was completed. (0x12B)
[1031/183959.500:ERROR:process_memory_win.cc(73)] ReadMemory at 0x2fb160369d0 of 62 bytes failed: Only part of a ReadProcessMemory or WriteProcessMemory request was completed. (0x12B)
[1031/183959.500:ERROR:process_memory_win.cc(73)] ReadMemory at 0x2fb16036b10 of 60 bytes failed: Only part of a ReadProcessMemory or WriteProcessMemory request was completed. (0x12B)
[1031/183959.500:ERROR:process_memory_win.cc(73)] ReadMemory at 0x2fb16036d40 of 62 bytes failed: Only part of a ReadProcessMemory or WriteProcessMemory request was completed. (0x12B)
[1031/183959.500:ERROR:process_memory_win.cc(73)] ReadMemory at 0x2fb16036d90 of 62 bytes failed: Only part of a ReadProcessMemory or WriteProcessMemory request was completed. (0x12B)
[1031/183959.500:ERROR:process_memory_win.cc(73)] ReadMemory at 0x2fb16036e30 of 66 bytes failed: Only part of a ReadProcessMemory or WriteProcessMemory request was completed. (0x12B)
[1031/183959.500:ERROR:process_memory_win.cc(73)] ReadMemory at 0x2fb16036e80 of 64 bytes failed: Only part of a ReadProcessMemory or WriteProcessMemory request was completed. (0x12B)
[1031/183959.500:ERROR:process_memory_win.cc(73)] ReadMemory at 0x2fb16036ed0 of 64 bytes failed: Only part of a ReadProcessMemory or WriteProcessMemory request was completed. (0x12B)
[1031/183959.500:ERROR:process_memory_win.cc(73)] ReadMemory at 0x2fb16036f20 of 64 bytes failed: Only part of a ReadProcessMemory or WriteProcessMemory request was completed. (0x12B)
[1031/183959.500:ERROR:process_memory_win.cc(73)] ReadMemory at 0x2fb16037010 of 62 bytes failed: Only part of a ReadProcessMemory or WriteProcessMemory request was completed. (0x12B)
[1031/183959.500:ERROR:process_memory_win.cc(73)] ReadMemory at 0x2fb160370b0 of 58 bytes failed: Only part of a ReadProcessMemory or WriteProcessMemory request was completed. (0x12B)
[1031/183959.500:ERROR:process_memory_win.cc(73)] ReadMemory at 0x2fb16037100 of 64 bytes failed: Only part of a ReadProcessMemory or WriteProcessMemory request was completed. (0x12B)
[1031/183959.500:ERROR:process_memory_win.cc(73)] ReadMemory at 0x2fb160371f0 of 66 bytes failed: Only part of a ReadProcessMemory or WriteProcessMemory request was completed. (0x12B)
[1031/183959.500:ERROR:process_memory_win.cc(73)] ReadMemory at 0x2fb16037240 of 60 bytes failed: Only part of a ReadProcessMemory or WriteProcessMemory request was completed. (0x12B)
[1031/183959.500:ERROR:process_memory_win.cc(73)] ReadMemory at 0x2fb16037b70 of 146 bytes failed: Only part of a ReadProcessMemory or WriteProcessMemory request was completed. (0x12B)
[1031/183959.500:ERROR:process_memory_win.cc(73)] ReadMemory at 0x2fb16038840 of 132 bytes failed: Only part of a ReadProcessMemory or WriteProcessMemory request was completed. (0x12B)
[1031/183959.500:ERROR:process_memory_win.cc(73)] ReadMemory at 0x2fb160389c0 of 132 bytes failed: Only part of a ReadProcessMemory or WriteProcessMemory request was completed. (0x12B)
[1031/183959.500:ERROR:process_memory_win.cc(73)] ReadMemory at 0x2fb16038af0 of 132 bytes failed: Only part of a ReadProcessMemory or WriteProcessMemory request was completed. (0x12B)
[1031/183959.500:ERROR:process_memory_win.cc(73)] ReadMemory at 0x2fb16038d50 of 132 bytes failed: Only part of a ReadProcessMemory or WriteProcessMemory request was completed. (0x12B)
[1031/183959.501:ERROR:process_memory_win.cc(73)] ReadMemory at 0x2fb16038e80 of 132 bytes failed: Only part of a ReadProcessMemory or WriteProcessMemory request was completed. (0x12B)
[1031/183959.501:ERROR:process_memory_win.cc(73)] ReadMemory at 0x2fb16038fb0 of 132 bytes failed: Only part of a ReadProcessMemory or WriteProcessMemory request was completed. (0x12B)
[1031/183959.501:ERROR:process_memory_win.cc(73)] ReadMemory at 0x2fb160390e0 of 132 bytes failed: Only part of a ReadProcessMemory or WriteProcessMemory request was completed. (0x12B)
[1031/183959.501:ERROR:process_memory_win.cc(73)] ReadMemory at 0x2fb16039210 of 132 bytes failed: Only part of a ReadProcessMemory or WriteProcessMemory request was completed. (0x12B)
[1031/183959.501:ERROR:process_memory_win.cc(73)] ReadMemory at 0x2fb16039340 of 132 bytes failed: Only part of a ReadProcessMemory or WriteProcessMemory request was completed. (0x12B)
[1031/183959.501:ERROR:process_memory_win.cc(73)] ReadMemory at 0x2fb16039470 of 132 bytes failed: Only part of a ReadProcessMemory or WriteProcessMemory request was completed. (0x12B)
[1031/183959.501:ERROR:process_memory_win.cc(73)] ReadMemory at 0x2fb160395a0 of 132 bytes failed: Only part of a ReadProcessMemory or WriteProcessMemory request was completed. (0x12B)
[1031/183959.501:ERROR:process_memory_win.cc(73)] ReadMemory at 0x2fb160396d0 of 132 bytes failed: Only part of a ReadProcessMemory or WriteProcessMemory request was completed. (0x12B)
[1031/183959.501:ERROR:process_memory_win.cc(73)] ReadMemory at 0x2fb16039800 of 132 bytes failed: Only part of a ReadProcessMemory or WriteProcessMemory request was completed. (0x12B)
[1031/183959.501:ERROR:process_memory_win.cc(73)] ReadMemory at 0x2fb1603c9e0 of 80 bytes failed: Only part of a ReadProcessMemory or WriteProcessMemory request was completed. (0x12B)
[1031/183959.501:ERROR:process_memory_win.cc(73)] ReadMemory at 0x2fb1603ef40 of 132 bytes failed: Only part of a ReadProcessMemory or WriteProcessMemory request was completed. (0x12B)
[1031/183959.501:ERROR:process_memory_win.cc(73)] ReadMemory at 0x2fb1603f4f0 of 132 bytes failed: Only part of a ReadProcessMemory or WriteProcessMemory request was completed. (0x12B)
[1031/183959.501:ERROR:process_memory_win.cc(73)] ReadMemory at 0x2fb1603fa70 of 132 bytes failed: Only part of a ReadProcessMemory or WriteProcessMemory request was completed. (0x12B)
[1031/183959.501:ERROR:process_memory_win.cc(73)] ReadMemory at 0x2fb1603fba0 of 132 bytes failed: Only part of a ReadProcessMemory or WriteProcessMemory request was completed. (0x12B)
[1031/183959.883:ERROR:process_memory_win.cc(73)] ReadMemory at 0x2fb16041030 of 132 bytes failed: Only part of a ReadProcessMemory or WriteProcessMemory request was completed. (0x12B)
[1031/183959.884:ERROR:process_memory_win.cc(73)] ReadMemory at 0x2fb16041390 of 132 bytes failed: Only part of a ReadProcessMemory or WriteProcessMemory request was completed. (0x12B)
[1031/183959.884:ERROR:process_memory_win.cc(73)] ReadMemory at 0x2fb16042620 of 132 bytes failed: Only part of a ReadProcessMemory or WriteProcessMemory request was completed. (0x12B)
[1031/183959.885:ERROR:process_memory_win.cc(73)] ReadMemory at 0x2fb16042940 of 132 bytes failed: Only part of a ReadProcessMemory or WriteProcessMemory request was completed. (0x12B)
[1031/183959.886:ERROR:process_memory_win.cc(73)] ReadMemory at 0x2fb16043130 of 54 bytes failed: Only part of a ReadProcessMemory or WriteProcessMemory request was completed. (0x12B)
[1031/183959.887:ERROR:process_memory_win.cc(73)] ReadMemory at 0x2fb16043d60 of 132 bytes failed: Only part of a ReadProcessMemory or WriteProcessMemory request was completed. (0x12B)
[1031/183959.887:ERROR:process_memory_win.cc(73)] ReadMemory at 0x2fb16046ad0 of 76 bytes failed: Only part of a ReadProcessMemory or WriteProcessMemory request was completed. (0x12B)
[1031/183959.888:ERROR:process_memory_win.cc(73)] ReadMemory at 0x2fb16046cb0 of 80 bytes failed: Only part of a ReadProcessMemory or WriteProcessMemory request was completed. (0x12B)
[1031/183959.888:ERROR:process_memory_win.cc(73)] ReadMemory at 0x2fb16047260 of 132 bytes failed: Only part of a ReadProcessMemory or WriteProcessMemory request was completed. (0x12B)
[1031/183959.889:ERROR:process_memory_win.cc(73)] ReadMemory at 0x2fb16047be0 of 132 bytes failed: Only part of a ReadProcessMemory or WriteProcessMemory request was completed. (0x12B)
[1031/183959.889:ERROR:process_memory_win.cc(73)] ReadMemory at 0x2fb16047d10 of 132 bytes failed: Only part of a ReadProcessMemory or WriteProcessMemory request was completed. (0x12B)
[1031/183959.890:ERROR:process_memory_win.cc(73)] ReadMemory at 0x2fb16047e40 of 132 bytes failed: Only part of a ReadProcessMemory or WriteProcessMemory request was completed. (0x12B)
[1031/183959.890:ERROR:process_memory_win.cc(73)] ReadMemory at 0x2fb16047f70 of 132 bytes failed: Only part of a ReadProcessMemory or WriteProcessMemory request was completed. (0x12B)
[1031/183959.891:ERROR:process_memory_win.cc(73)] ReadMemory at 0x2fb160480a0 of 132 bytes failed: Only part of a ReadProcessMemory or WriteProcessMemory request was completed. (0x12B)
[1031/183959.892:ERROR:process_memory_win.cc(73)] ReadMemory at 0x2fb160481d0 of 132 bytes failed: Only part of a ReadProcessMemory or WriteProcessMemory request was completed. (0x12B)
[1031/183959.892:ERROR:process_memory_win.cc(73)] ReadMemory at 0x2fb16048560 of 132 bytes failed: Only part of a ReadProcessMemory or WriteProcessMemory request was completed. (0x12B)
[1031/183959.892:ERROR:process_memory_win.cc(73)] ReadMemory at 0x2fb160488f0 of 132 bytes failed: Only part of a ReadProcessMemory or WriteProcessMemory request was completed. (0x12B)
[1031/183959.893:ERROR:process_memory_win.cc(73)] ReadMemory at 0x2fb16048c80 of 132 bytes failed: Only part of a ReadProcessMemory or WriteProcessMemory request was completed. (0x12B)
[1031/183959.904:ERROR:process_memory_win.cc(73)] ReadMemory at 0x2fb1604c160 of 62 bytes failed: Only part of a ReadProcessMemory or WriteProcessMemory request was completed. (0x12B)
[1031/183959.905:ERROR:process_memory_win.cc(73)] ReadMemory at 0x2fb1604c930 of 62 bytes failed: Only part of a ReadProcessMemory or WriteProcessMemory request was completed. (0x12B)
[1031/183959.906:ERROR:process_memory_win.cc(73)] ReadMemory at 0x2fb1604ca70 of 60 bytes failed: Only part of a ReadProcessMemory or WriteProcessMemory request was completed. (0x12B)
[1031/183959.906:ERROR:process_memory_win.cc(73)] ReadMemory at 0x2fb160948b0 of 1024 bytes failed: Only part of a ReadProcessMemory or WriteProcessMemory request was completed. (0x12B)
[1031/183959.907:ERROR:process_memory_win.cc(73)] ReadMemory at 0x2fb160b2d50 of 512 bytes failed: Only part of a ReadProcessMemory or WriteProcessMemory request was completed. (0x12B)
[1031/183959.907:ERROR:process_memory_win.cc(73)] ReadMemory at 0x2fb160b4d70 of 512 bytes failed: Only part of a ReadProcessMemory or WriteProcessMemory request was completed. (0x12B)
[1031/183959.907:ERROR:process_memory_win.cc(73)] ReadMemory at 0x2fb160bbbc0 of 736 bytes failed: Only part of a ReadProcessMemory or WriteProcessMemory request was completed. (0x12B)
[1031/183959.907:ERROR:process_memory_win.cc(73)] ReadMemory at 0x2fb160dc570 of 512 bytes failed: Only part of a ReadProcessMemory or WriteProcessMemory request was completed. (0x12B)
[1031/183959.907:ERROR:process_memory_win.cc(73)] ReadMemory at 0x2fb160de950 of 512 bytes failed: Only part of a ReadProcessMemory or WriteProcessMemory request was completed. (0x12B)
[1031/183959.908:ERROR:process_memory_win.cc(73)] ReadMemory at 0x2fb178a10f8 of 512 bytes failed: Only part of a ReadProcessMemory or WriteProcessMemory request was completed. (0x12B)
[1031/183959.908:ERROR:process_memory_win.cc(73)] ReadMemory at 0x2fb178a17b8 of 512 bytes failed: Only part of a ReadProcessMemory or WriteProcessMemory request was completed. (0x12B)
[1031/183959.908:ERROR:process_memory_win.cc(73)] ReadMemory at 0x2fb178a1cc8 of 512 bytes failed: Only part of a ReadProcessMemory or WriteProcessMemory request was completed. (0x12B)
[1031/183959.909:ERROR:process_memory_win.cc(73)] ReadMemory at 0x2fb178d47e0 of 512 bytes failed: Only part of a ReadProcessMemory or WriteProcessMemory request was completed. (0x12B)
[1031/183959.909:ERROR:process_memory_win.cc(73)] ReadMemory at 0x2fb178ec150 of 512 bytes failed: Only part of a ReadProcessMemory or WriteProcessMemory request was completed. (0x12B)
[1031/183959.909:ERROR:process_memory_win.cc(73)] ReadMemory at 0x2fb179261c0 of 512 bytes failed: Only part of a ReadProcessMemory or WriteProcessMemory request was completed. (0x12B)
[1031/183959.909:ERROR:process_memory_win.cc(73)] ReadMemory at 0x2fb179340b6 of 752 bytes failed: Only part of a ReadProcessMemory or WriteProcessMemory request was completed. (0x12B)
[1031/183959.910:ERROR:process_memory_win.cc(73)] ReadMemory at 0x2fb17998390 of 512 bytes failed: Only part of a ReadProcessMemory or WriteProcessMemory request was completed. (0x12B)
[1031/183959.910:ERROR:process_memory_win.cc(73)] ReadMemory at 0x2fb1a4d0130 of 512 bytes failed: Only part of a ReadProcessMemory or WriteProcessMemory request was completed. (0x12B)
[1031/183959.911:ERROR:process_memory_win.cc(73)] ReadMemory at 0x2fb1adb9538 of 512 bytes failed: Only part of a ReadProcessMemory or WriteProcessMemory request was completed. (0x12B)
[1031/183959.911:ERROR:process_memory_win.cc(73)] ReadMemory at 0x2fb1ede6ead of 512 bytes failed: Only part of a ReadProcessMemory or WriteProcessMemory request was completed. (0x12B)
[1031/183959.911:ERROR:process_memory_win.cc(73)] ReadMemory at 0x3602080420bd of 512 bytes failed: Only part of a ReadProcessMemory or WriteProcessMemory request was completed. (0x12B)
[1031/183959.911:ERROR:process_memory_win.cc(73)] ReadMemory at 0x3602080424c5 of 512 bytes failed: Only part of a ReadProcessMemory or WriteProcessMemory request was completed. (0x12B)
[1031/183959.912:ERROR:process_memory_win.cc(73)] ReadMemory at 0x360211eb131d of 512 bytes failed: Only part of a ReadProcessMemory or WriteProcessMemory request was completed. (0x12B)
[1031/183959.912:ERROR:process_memory_win.cc(73)] ReadMemory at 0x36021bdc8b50 of 512 bytes failed: Only part of a ReadProcessMemory or WriteProcessMemory request was completed. (0x12B)
[1031/183959.912:ERROR:process_memory_win.cc(73)] ReadMemory at 0x360221278d68 of 540 bytes failed: Only part of a ReadProcessMemory or WriteProcessMemory request was completed. (0x12B)
[1031/183959.912:ERROR:process_memory_win.cc(73)] ReadMemory at 0x360221280090 of 512 bytes failed: Only part of a ReadProcessMemory or WriteProcessMemory request was completed. (0x12B)
[1031/183959.912:ERROR:process_memory_win.cc(73)] ReadMemory at 0x360221e80090 of 512 bytes failed: Only part of a ReadProcessMemory or WriteProcessMemory request was completed. (0x12B)
[1031/183959.912:ERROR:process_memory_win.cc(73)] ReadMemory at 0x36022a654c60 of 544 bytes failed: Only part of a ReadProcessMemory or WriteProcessMemory request was completed. (0x12B)
[1031/183959.912:ERROR:process_memory_win.cc(73)] ReadMemory at 0x36024b222b4c of 540 bytes failed: Only part of a ReadProcessMemory or WriteProcessMemory request was completed. (0x12B)
[1031/183959.913:ERROR:process_memory_win.cc(73)] ReadMemory at 0x36024fac0090 of 512 bytes failed: Only part of a ReadProcessMemory or WriteProcessMemory request was completed. (0x12B)
[1031/183959.913:ERROR:process_memory_win.cc(73)] ReadMemory at 0x360250ec0090 of 512 bytes failed: Only part of a ReadProcessMemory or WriteProcessMemory request was completed. (0x12B)
[1031/183959.913:ERROR:process_memory_win.cc(73)] ReadMemory at 0x7ff955195a2b of 796 bytes failed: Only part of a ReadProcessMemory or WriteProcessMemory request was completed. (0x12B)
[1031/183959.913:ERROR:process_memory_win.cc(73)] ReadMemory at 0x7ff9553357d6 of 512 bytes failed: Only part of a ReadProcessMemory or WriteProcessMemory request was completed. (0x12B)
[1031/183959.913:ERROR:process_memory_win.cc(73)] ReadMemory at 0x7ff955335ad4 of 512 bytes failed: Only part of a ReadProcessMemory or WriteProcessMemory request was completed. (0x12B)
[1031/183959.913:ERROR:process_memory_win.cc(73)] ReadMemory at 0x7ff972ea5810 of 512 bytes failed: Only part of a ReadProcessMemory or WriteProcessMemory request was completed. (0x12B)
[1031/183959.913:ERROR:process_memory_win.cc(73)] ReadMemory at 0x7ff972ea5ed7 of 512 bytes failed: Only part of a ReadProcessMemory or WriteProcessMemory request was completed. (0x12B)
[1031/183959.913:ERROR:process_memory_win.cc(73)] ReadMemory at 0x7ff98eae1f80 of 512 bytes failed: Only part of a ReadProcessMemory or WriteProcessMemory request was completed. (0x12B)
[1031/183959.940:ERROR:process_memory_win.cc(73)] ReadMemory at 0x7ff98f27c074 of 672 bytes failed: Only part of a ReadProcessMemory or WriteProcessMemory request was completed. (0x12B)
[1031/183959.940:ERROR:process_memory_win.cc(73)] ReadMemory at 0x7ff98f27f924 of 608 bytes failed: Only part of a ReadProcessMemory or WriteProcessMemory request was completed. (0x12B)
[1031/183959.940:ERROR:process_memory_win.cc(73)] ReadMemory at 0x7ff98f30c428 of 18 bytes failed: Only part of a ReadProcessMemory or WriteProcessMemory request was completed. (0x12B)
[1031/183959.940:ERROR:process_memory_win.cc(73)] ReadMemory at 0x7ff98f33f4f8 of 40 bytes failed: Only part of a ReadProcessMemory or WriteProcessMemory request was completed. (0x12B)
[1031/183959.940:ERROR:process_memory_win.cc(73)] ReadMemory at 0x7ff98f33f978 of 48 bytes failed: Only part of a ReadProcessMemory or WriteProcessMemory request was completed. (0x12B)
[1031/183959.940:ERROR:process_memory_win.cc(73)] ReadMemory at 0x7ff98f3453c0 of 64 bytes failed: Only part of a ReadProcessMemory or WriteProcessMemory request was completed. (0x12B)
[1031/184000.418:ERROR:scoped_process_suspend.cc(40)] NtResumeProcess: An attempt was made to access an exiting process. (0xc000010a)
